21:30:53.1860250 >ERROR> Form1.image > 值不能为 null。
参数名: encoder,System.Drawing
21:30:53.2751920 >ERROR> Form1.image > 值不能为 null。
参数名: encoder,System.Drawing
21:30:53.7720236 >ERROR> Form1.image > 值不能为 null。
参数名: encoder,System.Drawing
21:30:54.2680346 >ERROR> Form1.image > 值不能为 null。
参数名: encoder,System.Drawing
21:30:54.7589497 >ERROR> Form1.image > 值不能为 null。
参数名: encoder,System.Drawing
21:30:55.2697663 >ERROR> Form1.image > 值不能为 null。
参数名: encoder,System.Drawing
21:30:55.7559516 >ERROR> Form1.image > 值不能为 null。
参数名: encoder,System.Drawing
21:30:56.2790666 >ERROR> Form1.image > 值不能为 null。
参数名: encoder,System.Drawing
21:30:56.7497868 >ERROR> Form1.image > 值不能为 null。
参数名: encoder,System.Drawing
21:30:57.2457979 >ERROR> Form1.image > 值不能为 null。
参数名: encoder,System.Drawing
21:30:57.7417800 >ERROR> Form1.image > 值不能为 null。
参数名: encoder,System.Drawing
21:30:58.2487080 >ERROR> Form1.image > 值不能为 null。
参数名: encoder,System.Drawing
21:30:58.7448564 >ERROR> Form1.image > 值不能为 null。
参数名: encoder,System.Drawing
21:30:59.2629912 >ERROR> Form1.image > 值不能为 null。
参数名: encoder,System.Drawing
21:30:59.7679849 >ERROR> Form1.image > 值不能为 null。
参数名: encoder,System.Drawing
21:31:00.2483096 >ERROR> Form1.image > 值不能为 null。
参数名: encoder,System.Drawing
21:31:00.7429419 >ERROR> Form1.image > 值不能为 null。
参数名: encoder,System.Drawing
21:31:01.2408922 >ERROR> Form1.image > 值不能为 null。
参数名: encoder,System.Drawing
21:31:01.7357922 >ERROR> Form1.image > 值不能为 null。
参数名: encoder,System.Drawing
21:31:13.2587798 >ERROR> Form1.image > 值不能为 null。
参数名: encoder,System.Drawing
21:31:13.6575181 >ERROR> Form1.image > 值不能为 null。
参数名: encoder,System.Drawing
21:31:14.1696328 >ERROR> Form1.image > 值不能为 null。
参数名: encoder,System.Drawing
21:31:14.6647441 >ERROR> Form1.image > 值不能为 null。
参数名: encoder,System.Drawing
21:31:15.1890885 >ERROR> Form1.image > 值不能为 null。
参数名: encoder,System.Drawing
21:31:15.6567309 >ERROR> Form1.image > 值不能为 null。
参数名: encoder,System.Drawing
21:31:37.7690967 >ERROR> Form1.image > 值不能为 null。
参数名: encoder,System.Drawing
21:31:37.7898777 >ERROR> Form1.image > 值不能为 null。
参数名: encoder,System.Drawing
21:31:38.3238337 >ERROR> Form1.image > 值不能为 null。
参数名: encoder,System.Drawing
21:31:38.8466219 >ERROR> Form1.image > 值不能为 null。
参数名: encoder,System.Drawing
21:31:39.3266314 >ERROR> Form1.image > 值不能为 null。
参数名: encoder,System.Drawing
21:32:54.8706447 >ERROR> Form1.image > 值不能为 null。
参数名: encoder,System.Drawing
21:32:55.3457524 >ERROR> Form1.image > 值不能为 null。
参数名: encoder,System.Drawing
21:32:55.8258762 >ERROR> Form1.image > 值不能为 null。
参数名: encoder,System.Drawing
21:32:56.3219716 >ERROR> Form1.image > 值不能为 null。
参数名: encoder,System.Drawing
21:32:58.8796324 >ERROR> Form1.image > 值不能为 null。
参数名: encoder,System.Drawing
21:32:59.7568488 >ERROR> Form1.image > 值不能为 null。
参数名: encoder,System.Drawing
21:33:00.3263726 >ERROR> Form1.image > 值不能为 null。
参数名: encoder,System.Drawing
21:33:00.8237319 >ERROR> Form1.image > 值不能为 null。
参数名: encoder,System.Drawing
21:33:02.6591442 >ERROR> Form1.image > 值不能为 null。
参数名: encoder,System.Drawing
21:38:03.6662200 >ERROR> Form1.image > 值不能为 null。
参数名: encoder,System.Drawing
21:38:04.0145614 >ERROR> Form1.image > 值不能为 null。
参数名: encoder,System.Drawing
21:38:04.5115287 >ERROR> Form1.image > 值不能为 null。
参数名: encoder,System.Drawing
21:38:05.0040400 >ERROR> Form1.image > 值不能为 null。
参数名: encoder,System.Drawing
21:38:08.9434904 >ERROR> Form1.image > 值不能为 null。
参数名: encoder,System.Drawing
21:38:08.9707648 >ERROR> Form1.image > 值不能为 null。
参数名: encoder,System.Drawing
21:38:09.4981065 >ERROR> Form1.image > 值不能为 null。
参数名: encoder,System.Drawing
21:38:10.0279042 >ERROR> Form1.image > 值不能为 null。
参数名: encoder,System.Drawing
21:38:13.7378588 >ERROR> Form1.image > 值不能为 null。
参数名: encoder,System.Drawing
21:38:13.8926014 >ERROR> JsonHelper/DeserializeObject > 没有为类型“BaiduAI.ResultData[]”定义无参数的构造函数。
21:38:27.4526541 >ERROR> Form1.image > 值不能为 null。
参数名: encoder,System.Drawing
21:38:28.0262389 >ERROR> Form1.image > 值不能为 null。
参数名: encoder,System.Drawing
21:38:28.5062847 >ERROR> Form1.image > 值不能为 null。
参数名: encoder,System.Drawing
21:38:29.0100378 >ERROR> Form1.image > 值不能为 null。
参数名: encoder,System.Drawing
21:38:29.4952533 >ERROR> Form1.image > 值不能为 null。
参数名: encoder,System.Drawing
21:38:30.0240491 >ERROR> Form1.image > 值不能为 null。
参数名: encoder,System.Drawing
21:38:30.5117209 >ERROR> Form1.image > 值不能为 null。
参数名: encoder,System.Drawing
21:38:31.0202802 >ERROR> Form1.image > 值不能为 null。
参数名: encoder,System.Drawing
21:38:31.4969988 >ERROR> Form1.image > 值不能为 null。
参数名: encoder,System.Drawing
21:38:32.0239635 >ERROR> Form1.image > 值不能为 null。
参数名: encoder,System.Drawing
21:38:32.5091918 >ERROR> Form1.image > 值不能为 null。
参数名: encoder,System.Drawing
21:38:33.0302547 >ERROR> Form1.image > 值不能为 null。
参数名: encoder,System.Drawing
21:38:33.6428777 >ERROR> Form1.image > 值不能为 null。
参数名: encoder,System.Drawing
21:38:34.1113571 >ERROR> Form1.image > 值不能为 null。
参数名: encoder,System.Drawing
21:38:34.6150243 >ERROR> Form1.image > 值不能为 null。
参数名: encoder,System.Drawing
21:39:35.1918802 >ERROR> Form1.image > 值不能为 null。
参数名: encoder,System.Drawing
21:39:35.4861681 >ERROR> Form1.image > 值不能为 null。
参数名: encoder,System.Drawing
21:39:35.9587313 >ERROR> Form1.image > 值不能为 null。
参数名: encoder,System.Drawing
21:39:36.5009600 >ERROR> Form1.image > 值不能为 null。
参数名: encoder,System.Drawing
21:39:36.9710840 >ERROR> Form1.image > 值不能为 null。
参数名: encoder,System.Drawing
21:39:42.8824010 >ERROR> Form1.image > 值不能为 null。
参数名: encoder,System.Drawing
21:39:42.9094084 >ERROR> Form1.image > 值不能为 null。
参数名: encoder,System.Drawing
21:39:43.4586737 >ERROR> Form1.image > 值不能为 null。
参数名: encoder,System.Drawing
21:39:43.9768933 >ERROR> Form1.image > 值不能为 null。
参数名: encoder,System.Drawing
21:39:47.8128674 >ERROR> Form1.image > 值不能为 null。
参数名: encoder,System.Drawing
21:39:47.9628916 >ERROR> JsonHelper/DeserializeObject > 没有为类型“BaiduAI.ResultData[]”定义无参数的构造函数。
21:48:04.7738727 >ERROR> Form1.image > 值不能为 null。
参数名: encoder,System.Drawing
21:48:05.2967932 >ERROR> Form1.image > 值不能为 null。
参数名: encoder,System.Drawing
21:48:05.7894316 >ERROR> Form1.image > 值不能为 null。
参数名: encoder,System.Drawing
21:48:06.3015442 >ERROR> Form1.image > 值不能为 null。
参数名: encoder,System.Drawing
21:48:06.8240207 >ERROR> Form1.image > 值不能为 null。
参数名: encoder,System.Drawing
21:48:07.2964689 >ERROR> Form1.image > 值不能为 null。
参数名: encoder,System.Drawing
21:48:07.8120904 >ERROR> Form1.image > 值不能为 null。
参数名: encoder,System.Drawing
21:48:08.3092623 >ERROR> Form1.image > 值不能为 null。
参数名: encoder,System.Drawing
21:48:08.8261964 >ERROR> Form1.image > 值不能为 null。
参数名: encoder,System.Drawing
21:48:09.2950022 >ERROR> Form1.image > 值不能为 null。
参数名: encoder,System.Drawing
21:48:36.9706240 >ERROR> Form1.image > 值不能为 null。
参数名: encoder,System.Drawing
21:48:37.4343550 >ERROR> Form1.image > 值不能为 null。
参数名: encoder,System.Drawing
21:48:37.9231148 >ERROR> Form1.image > 值不能为 null。
参数名: encoder,System.Drawing
21:48:38.4209749 >ERROR> Form1.image > 值不能为 null。
参数名: encoder,System.Drawing
21:48:38.9263815 >ERROR> Form1.image > 值不能为 null。
参数名: encoder,System.Drawing
21:48:39.4040034 >ERROR> Form1.image > 值不能为 null。
参数名: encoder,System.Drawing
21:48:39.9001103 >ERROR> Form1.image > 值不能为 null。
参数名: encoder,System.Drawing
21:48:40.4148878 >ERROR> Form1.image > 值不能为 null。
参数名: encoder,System.Drawing
21:48:49.7831305 >ERROR> Form1.image > 值不能为 null。
参数名: encoder,System.Drawing
21:48:49.7991409 >ERROR> Form1.image > 值不能为 null。
参数名: encoder,System.Drawing
21:48:50.3003181 >ERROR> Form1.image > 值不能为 null。
参数名: encoder,System.Drawing
21:48:50.8025575 >ERROR> Form1.image > 值不能为 null。
参数名: encoder,System.Drawing
21:49:38.2202723 >ERROR> Form1.image > 值不能为 null。
参数名: encoder,System.Drawing
21:49:38.3543036 >ERROR> JsonHelper/DeserializeObject > 没有为类型“BaiduAI.ResultData[]”定义无参数的构造函数。
22:10:32.4057411 >ERROR> Form1.image > 值不能为 null。
参数名: encoder,System.Drawing
22:10:32.6738269 >ERROR> Form1.image > 值不能为 null。
参数名: encoder,System.Drawing
22:10:33.1713794 >ERROR> Form1.image > 值不能为 null。
参数名: encoder,System.Drawing
22:10:33.6835154 >ERROR> Form1.image > 值不能为 null。
参数名: encoder,System.Drawing
22:10:34.2010676 >ERROR> Form1.image > 值不能为 null。
参数名: encoder,System.Drawing
22:10:34.6846250 >ERROR> Form1.image > 值不能为 null。
参数名: encoder,System.Drawing
22:10:35.1791372 >ERROR> Form1.image > 值不能为 null。
参数名: encoder,System.Drawing
22:10:40.9036372 >ERROR> Form1.image > 值不能为 null。
参数名: encoder,System.Drawing
22:10:41.4861134 >ERROR> Form1.image > 值不能为 null。
参数名: encoder,System.Drawing
22:10:41.9632523 >ERROR> Form1.image > 值不能为 null。
参数名: encoder,System.Drawing
22:10:42.4749307 >ERROR> Form1.image > 值不能为 null。
参数名: encoder,System.Drawing
22:10:46.9190108 >ERROR> Form1.image > 值不能为 null。
参数名: encoder,System.Drawing
22:10:47.0692405 >ERROR> JsonHelper/DeserializeObject > 没有为类型“System.String”定义无参数的构造函数。
22:12:15.3658382 >ERROR> Form1.image > 值不能为 null。
参数名: encoder,System.Drawing
22:12:15.8692150 >ERROR> Form1.image > 值不能为 null。
参数名: encoder,System.Drawing
22:12:16.4896453 >ERROR> Form1.image > 值不能为 null。
参数名: encoder,System.Drawing
22:12:16.8752308 >ERROR> Form1.image > 值不能为 null。
参数名: encoder,System.Drawing
22:12:17.3904531 >ERROR> Form1.image > 值不能为 null。
参数名: encoder,System.Drawing
22:12:17.9776807 >ERROR> Form1.image > 值不能为 null。
参数名: encoder,System.Drawing
22:12:18.4921307 >ERROR> Form1.image > 值不能为 null。
参数名: encoder,System.Drawing
22:12:18.9906714 >ERROR> Form1.image > 值不能为 null。
参数名: encoder,System.Drawing
22:12:19.4958100 >ERROR> Form1.image > 值不能为 null。
参数名: encoder,System.Drawing
22:17:03.8075912 >ERROR> Form1.image > 值不能为 null。
参数名: encoder,System.Drawing
22:17:03.8906098 >ERROR> Form1.image > 值不能为 null。
参数名: encoder,System.Drawing
22:17:04.3853329 >ERROR> Form1.image > 值不能为 null。
参数名: encoder,System.Drawing
22:17:04.9101237 >ERROR> Form1.image > 值不能为 null。
参数名: encoder,System.Drawing
22:17:05.3838672 >ERROR> Form1.image > 值不能为 null。
参数名: encoder,System.Drawing
22:17:05.8863181 >ERROR> Form1.image > 值不能为 null。
参数名: encoder,System.Drawing
22:17:06.3902607 >ERROR> Form1.image > 值不能为 null。
参数名: encoder,System.Drawing
22:17:06.8970718 >ERROR> Form1.image > 值不能为 null。
参数名: encoder,System.Drawing
22:17:07.3883304 >ERROR> Form1.image > 值不能为 null。
参数名: encoder,System.Drawing
22:17:07.9013255 >ERROR> Form1.image > 值不能为 null。
参数名: encoder,System.Drawing
22:17:08.3869759 >ERROR> Form1.image > 值不能为 null。
参数名: encoder,System.Drawing
22:17:18.9588794 >ERROR> Form1.image > 值不能为 null。
参数名: encoder,System.Drawing
22:17:19.3512724 >ERROR> Form1.image > 值不能为 null。
参数名: encoder,System.Drawing
22:17:19.8638479 >ERROR> Form1.image > 值不能为 null。
参数名: encoder,System.Drawing
22:17:20.3625107 >ERROR> Form1.image > 值不能为 null。
参数名: encoder,System.Drawing
22:17:20.8519120 >ERROR> Form1.image > 值不能为 null。
参数名: encoder,System.Drawing
22:17:21.3448568 >ERROR> Form1.image > 值不能为 null。
参数名: encoder,System.Drawing
22:17:21.8710777 >ERROR> Form1.image > 值不能为 null。
参数名: encoder,System.Drawing
22:17:22.3610766 >ERROR> Form1.image > 值不能为 null。
参数名: encoder,System.Drawing
22:17:22.8578668 >ERROR> Form1.image > 值不能为 null。
参数名: encoder,System.Drawing
22:17:23.3518471 >ERROR> Form1.image > 值不能为 null。
参数名: encoder,System.Drawing
22:17:23.8640979 >ERROR> Form1.image > 值不能为 null。
参数名: encoder,System.Drawing
22:17:24.3744028 >ERROR> Form1.image > 值不能为 null。
参数名: encoder,System.Drawing
22:17:24.8588527 >ERROR> Form1.image > 值不能为 null。
参数名: encoder,System.Drawing
22:17:25.3519297 >ERROR> Form1.image > 值不能为 null。
参数名: encoder,System.Drawing
22:17:25.8638960 >ERROR> Form1.image > 值不能为 null。
参数名: encoder,System.Drawing
22:17:26.3579056 >ERROR> Form1.image > 值不能为 null。
参数名: encoder,System.Drawing
22:17:26.8630289 >ERROR> Form1.image > 值不能为 null。
参数名: encoder,System.Drawing
22:17:27.3550477 >ERROR> Form1.image > 值不能为 null。
参数名: encoder,System.Drawing
22:17:27.8698843 >ERROR> Form1.image > 值不能为 null。
参数名: encoder,System.Drawing
22:17:28.3506559 >ERROR> Form1.image > 值不能为 null。
参数名: encoder,System.Drawing
22:17:28.8578297 >ERROR> Form1.image > 值不能为 null。
参数名: encoder,System.Drawing
22:17:29.3508586 >ERROR> Form1.image > 值不能为 null。
参数名: encoder,System.Drawing
22:17:29.8633202 >ERROR> Form1.image > 值不能为 null。
参数名: encoder,System.Drawing
22:17:30.3580861 >ERROR> Form1.image > 值不能为 null。
参数名: encoder,System.Drawing
22:17:30.8610180 >ERROR> Form1.image > 值不能为 null。
参数名: encoder,System.Drawing
22:17:31.3542758 >ERROR> Form1.image > 值不能为 null。
参数名: encoder,System.Drawing
22:17:31.8672743 >ERROR> Form1.image > 值不能为 null。
参数名: encoder,System.Drawing
22:17:32.3578895 >ERROR> Form1.image > 值不能为 null。
参数名: encoder,System.Drawing
22:17:32.8609541 >ERROR> Form1.image > 值不能为 null。
参数名: encoder,System.Drawing
22:17:33.3520192 >ERROR> Form1.image > 值不能为 null。
参数名: encoder,System.Drawing
22:17:33.8830872 >ERROR> Form1.image > 值不能为 null。
参数名: encoder,System.Drawing
22:17:34.3598764 >ERROR> Form1.image > 值不能为 null。
参数名: encoder,System.Drawing
22:17:34.8548351 >ERROR> Form1.image > 值不能为 null。
参数名: encoder,System.Drawing
22:17:35.3520397 >ERROR> Form1.image > 值不能为 null。
参数名: encoder,System.Drawing
22:17:35.8648737 >ERROR> Form1.image > 值不能为 null。
参数名: encoder,System.Drawing
22:17:36.3688753 >ERROR> Form1.image > 值不能为 null。
参数名: encoder,System.Drawing
22:17:36.8630106 >ERROR> Form1.image > 值不能为 null。
参数名: encoder,System.Drawing
22:17:37.3530738 >ERROR> Form1.image > 值不能为 null。
参数名: encoder,System.Drawing
22:17:37.8640513 >ERROR> Form1.image > 值不能为 null。
参数名: encoder,System.Drawing
22:17:38.3540577 >ERROR> Form1.image > 值不能为 null。
参数名: encoder,System.Drawing
22:17:38.8542853 >ERROR> Form1.image > 值不能为 null。
参数名: encoder,System.Drawing
22:17:39.3609581 >ERROR> Form1.image > 值不能为 null。
参数名: encoder,System.Drawing
22:17:39.8658408 >ERROR> Form1.image > 值不能为 null。
参数名: encoder,System.Drawing
22:17:40.3590637 >ERROR> Form1.image > 值不能为 null。
参数名: encoder,System.Drawing
22:17:40.8491490 >ERROR> Form1.image > 值不能为 null。
参数名: encoder,System.Drawing
22:17:41.3442642 >ERROR> Form1.image > 值不能为 null。
参数名: encoder,System.Drawing
22:17:41.8742817 >ERROR> Form1.image > 值不能为 null。
参数名: encoder,System.Drawing
22:17:42.3618564 >ERROR> Form1.image > 值不能为 null。
参数名: encoder,System.Drawing
22:17:42.8513269 >ERROR> Form1.image > 值不能为 null。
参数名: encoder,System.Drawing
22:17:43.3462940 >ERROR> Form1.image > 值不能为 null。
参数名: encoder,System.Drawing
22:17:43.8682837 >ERROR> Form1.image > 值不能为 null。
参数名: encoder,System.Drawing
22:17:44.3687517 >ERROR> Form1.image > 值不能为 null。
参数名: encoder,System.Drawing
22:17:44.8548407 >ERROR> Form1.image > 值不能为 null。
参数名: encoder,System.Drawing
22:17:45.3562804 >ERROR> Form1.image > 值不能为 null。
参数名: encoder,System.Drawing
22:17:45.8552749 >ERROR> Form1.image > 值不能为 null。
参数名: encoder,System.Drawing
22:17:46.3531837 >ERROR> Form1.image > 值不能为 null。
参数名: encoder,System.Drawing
22:17:46.8567460 >ERROR> Form1.image > 值不能为 null。
参数名: encoder,System.Drawing
22:17:47.3472691 >ERROR> Form1.image > 值不能为 null。
参数名: encoder,System.Drawing
22:17:47.8630227 >ERROR> Form1.image > 值不能为 null。
参数名: encoder,System.Drawing
22:17:48.3608699 >ERROR> Form1.image > 值不能为 null。
参数名: encoder,System.Drawing
22:17:48.8576359 >ERROR> Form1.image > 值不能为 null。
参数名: encoder,System.Drawing
22:17:49.4654588 >ERROR> Form1.image > 值不能为 null。
参数名: encoder,System.Drawing
22:17:49.8638832 >ERROR> Form1.image > 值不能为 null。
参数名: encoder,System.Drawing
22:17:50.4495956 >ERROR> Form1.image > 值不能为 null。
参数名: encoder,System.Drawing
22:17:50.9489881 >ERROR> Form1.image > 值不能为 null。
参数名: encoder,System.Drawing
22:17:51.4658500 >ERROR> Form1.image > 值不能为 null。
参数名: encoder,System.Drawing
22:17:51.9608710 >ERROR> Form1.image > 值不能为 null。
参数名: encoder,System.Drawing
22:17:52.4469994 >ERROR> Form1.image > 值不能为 null。
参数名: encoder,System.Drawing
22:17:52.9488036 >ERROR> Form1.image > 值不能为 null。
参数名: encoder,System.Drawing
22:17:53.4590509 >ERROR> Form1.image > 值不能为 null。
参数名: encoder,System.Drawing
22:17:53.9692706 >ERROR> Form1.image > 值不能为 null。
参数名: encoder,System.Drawing
22:17:54.4572880 >ERROR> Form1.image > 值不能为 null。
参数名: encoder,System.Drawing
22:17:54.9476968 >ERROR> Form1.image > 值不能为 null。
参数名: encoder,System.Drawing
22:17:55.4642383 >ERROR> Form1.image > 值不能为 null。
参数名: encoder,System.Drawing
22:17:55.9652875 >ERROR> Form1.image > 值不能为 null。
参数名: encoder,System.Drawing
22:17:56.4583201 >ERROR> Form1.image > 值不能为 null。
参数名: encoder,System.Drawing
22:17:56.9453765 >ERROR> Form1.image > 值不能为 null。
参数名: encoder,System.Drawing
22:17:57.4622830 >ERROR> Form1.image > 值不能为 null。
参数名: encoder,System.Drawing
22:17:57.9486445 >ERROR> Form1.image > 值不能为 null。
参数名: encoder,System.Drawing
22:17:58.4510340 >ERROR> Form1.image > 值不能为 null。
参数名: encoder,System.Drawing
22:17:58.9526981 >ERROR> Form1.image > 值不能为 null。
参数名: encoder,System.Drawing
22:17:59.4557774 >ERROR> Form1.image > 值不能为 null。
参数名: encoder,System.Drawing
22:17:59.9741016 >ERROR> Form1.image > 值不能为 null。
参数名: encoder,System.Drawing
22:18:00.4447674 >ERROR> Form1.image > 值不能为 null。
参数名: encoder,System.Drawing
22:18:00.9472212 >ERROR> Form1.image > 值不能为 null。
参数名: encoder,System.Drawing
22:18:01.4655983 >ERROR> Form1.image > 值不能为 null。
参数名: encoder,System.Drawing
22:18:01.9528051 >ERROR> Form1.image > 值不能为 null。
参数名: encoder,System.Drawing
22:18:02.4386362 >ERROR> Form1.image > 值不能为 null。
参数名: encoder,System.Drawing
22:18:03.0666749 >ERROR> Form1.image > 值不能为 null。
参数名: encoder,System.Drawing
22:18:03.4585343 >ERROR> Form1.image > 值不能为 null。
参数名: encoder,System.Drawing
22:18:03.9607611 >ERROR> Form1.image > 值不能为 null。
参数名: encoder,System.Drawing
22:18:04.5415584 >ERROR> Form1.image > 值不能为 null。
参数名: encoder,System.Drawing
22:18:05.0598578 >ERROR> Form1.image > 值不能为 null。
参数名: encoder,System.Drawing
22:18:05.4523222 >ERROR> Form1.image > 值不能为 null。
参数名: encoder,System.Drawing
22:18:06.0527260 >ERROR> Form1.image > 值不能为 null。
参数名: encoder,System.Drawing
22:18:06.5509712 >ERROR> Form1.image > 值不能为 null。
参数名: encoder,System.Drawing
22:18:07.0534046 >ERROR> Form1.image > 值不能为 null。
参数名: encoder,System.Drawing
22:18:07.5558246 >ERROR> Form1.image > 值不能为 null。
参数名: encoder,System.Drawing
22:18:08.0424305 >ERROR> Form1.image > 值不能为 null。
参数名: encoder,System.Drawing
22:18:08.5607603 >ERROR> Form1.image > 值不能为 null。
参数名: encoder,System.Drawing
22:18:09.0637365 >ERROR> Form1.image > 值不能为 null。
参数名: encoder,System.Drawing
22:18:09.5482380 >ERROR> Form1.image > 值不能为 null。
参数名: encoder,System.Drawing
22:18:10.0518280 >ERROR> Form1.image > 值不能为 null。
参数名: encoder,System.Drawing
22:18:10.5541267 >ERROR> Form1.image > 值不能为 null。
参数名: encoder,System.Drawing
22:18:11.0714805 >ERROR> Form1.image > 值不能为 null。
参数名: encoder,System.Drawing
22:18:11.5524369 >ERROR> Form1.image > 值不能为 null。
参数名: encoder,System.Drawing
22:18:12.0556567 >ERROR> Form1.image > 值不能为 null。
参数名: encoder,System.Drawing
22:18:12.5423554 >ERROR> Form1.image > 值不能为 null。
参数名: encoder,System.Drawing
22:18:13.0600805 >ERROR> Form1.image > 值不能为 null。
参数名: encoder,System.Drawing
22:18:13.5638559 >ERROR> Form1.image > 值不能为 null。
参数名: encoder,System.Drawing
22:18:14.0504249 >ERROR> Form1.image > 值不能为 null。
参数名: encoder,System.Drawing
22:18:14.5385424 >ERROR> Form1.image > 值不能为 null。
参数名: encoder,System.Drawing
22:18:15.0546067 >ERROR> Form1.image > 值不能为 null。
参数名: encoder,System.Drawing
22:18:15.5408081 >ERROR> Form1.image > 值不能为 null。
参数名: encoder,System.Drawing
22:18:16.0590216 >ERROR> Form1.image > 值不能为 null。
参数名: encoder,System.Drawing
22:18:16.5428144 >ERROR> Form1.image > 值不能为 null。
参数名: encoder,System.Drawing
22:18:17.0474767 >ERROR> Form1.image > 值不能为 null。
参数名: encoder,System.Drawing
22:18:17.5499408 >ERROR> Form1.image > 值不能为 null。
参数名: encoder,System.Drawing
22:18:18.1361901 >ERROR> Form1.image > 值不能为 null。
参数名: encoder,System.Drawing
22:18:18.6545949 >ERROR> Form1.image > 值不能为 null。
参数名: encoder,System.Drawing
22:18:19.0626266 >ERROR> Form1.image > 值不能为 null。
参数名: encoder,System.Drawing
22:18:19.6481106 >ERROR> Form1.image > 值不能为 null。
参数名: encoder,System.Drawing
22:18:20.1299606 >ERROR> Form1.image > 值不能为 null。
参数名: encoder,System.Drawing
22:18:20.6501600 >ERROR> Form1.image > 值不能为 null。
参数名: encoder,System.Drawing
22:18:21.1509426 >ERROR> Form1.image > 值不能为 null。
参数名: encoder,System.Drawing
22:18:21.6520602 >ERROR> Form1.image > 值不能为 null。
参数名: encoder,System.Drawing
22:18:22.1384620 >ERROR> Form1.image > 值不能为 null。
参数名: encoder,System.Drawing
22:18:22.6542044 >ERROR> Form1.image > 值不能为 null。
参数名: encoder,System.Drawing
22:18:23.1901173 >ERROR> Form1.image > 值不能为 null。
参数名: encoder,System.Drawing
22:18:23.6451118 >ERROR> Form1.image > 值不能为 null。
参数名: encoder,System.Drawing
22:18:24.1472856 >ERROR> Form1.image > 值不能为 null。
参数名: encoder,System.Drawing
22:18:24.6568141 >ERROR> Form1.image > 值不能为 null。
参数名: encoder,System.Drawing
22:18:25.1588158 >ERROR> Form1.image > 值不能为 null。
参数名: encoder,System.Drawing
22:18:25.6577930 >ERROR> Form1.image > 值不能为 null。
参数名: encoder,System.Drawing
22:18:26.1492270 >ERROR> Form1.image > 值不能为 null。
参数名: encoder,System.Drawing
22:18:26.6696525 >ERROR> Form1.image > 值不能为 null。
参数名: encoder,System.Drawing
22:18:27.1533109 >ERROR> Form1.image > 值不能为 null。
参数名: encoder,System.Drawing
22:18:27.6477670 >ERROR> Form1.image > 值不能为 null。
参数名: encoder,System.Drawing
22:18:28.1431995 >ERROR> Form1.image > 值不能为 null。
参数名: encoder,System.Drawing
22:18:28.6572246 >ERROR> Form1.image > 值不能为 null。
参数名: encoder,System.Drawing
22:18:29.1670152 >ERROR> Form1.image > 值不能为 null。
参数名: encoder,System.Drawing
22:18:29.6639902 >ERROR> Form1.image > 值不能为 null。
参数名: encoder,System.Drawing
22:18:30.1519722 >ERROR> Form1.image > 值不能为 null。
参数名: encoder,System.Drawing
22:18:30.6551395 >ERROR> Form1.image > 值不能为 null。
参数名: encoder,System.Drawing
22:18:31.1577059 >ERROR> Form1.image > 值不能为 null。
参数名: encoder,System.Drawing
22:18:31.6441240 >ERROR> Form1.image > 值不能为 null。
参数名: encoder,System.Drawing
22:18:32.1470007 >ERROR> Form1.image > 值不能为 null。
参数名: encoder,System.Drawing
22:18:32.6815758 >ERROR> Form1.image > 值不能为 null。
参数名: encoder,System.Drawing
22:18:33.1519534 >ERROR> Form1.image > 值不能为 null。
参数名: encoder,System.Drawing
22:18:33.6544362 >ERROR> Form1.image > 值不能为 null。
参数名: encoder,System.Drawing
22:18:34.2509214 >ERROR> Form1.image > 值不能为 null。
参数名: encoder,System.Drawing
22:18:34.6591285 >ERROR> Form1.image > 值不能为 null。
参数名: encoder,System.Drawing
22:18:35.1620821 >ERROR> Form1.image > 值不能为 null。
参数名: encoder,System.Drawing
22:18:35.7428884 >ERROR> Form1.image > 值不能为 null。
参数名: encoder,System.Drawing
22:18:36.2607243 >ERROR> Form1.image > 值不能为 null。
参数名: encoder,System.Drawing
22:18:36.7475028 >ERROR> Form1.image > 值不能为 null。
参数名: encoder,System.Drawing
22:18:37.2496806 >ERROR> Form1.image > 值不能为 null。
参数名: encoder,System.Drawing
22:18:37.7369833 >ERROR> Form1.image > 值不能为 null。
参数名: encoder,System.Drawing
22:18:38.2550898 >ERROR> Form1.image > 值不能为 null。
参数名: encoder,System.Drawing
22:18:38.7567978 >ERROR> Form1.image > 值不能为 null。
参数名: encoder,System.Drawing
22:18:39.2434963 >ERROR> Form1.image > 值不能为 null。
参数名: encoder,System.Drawing
22:18:39.7295553 >ERROR> Form1.image > 值不能为 null。
参数名: encoder,System.Drawing
22:18:40.2478051 >ERROR> Form1.image > 值不能为 null。
参数名: encoder,System.Drawing
22:18:40.7497124 >ERROR> Form1.image > 值不能为 null。
参数名: encoder,System.Drawing
22:18:41.2519345 >ERROR> Form1.image > 值不能为 null。
参数名: encoder,System.Drawing
22:18:41.7546832 >ERROR> Form1.image > 值不能为 null。
参数名: encoder,System.Drawing
22:18:42.2570741 >ERROR> Form1.image > 值不能为 null。
参数名: encoder,System.Drawing
22:18:42.7597818 >ERROR> Form1.image > 值不能为 null。
参数名: encoder,System.Drawing
22:18:43.2465650 >ERROR> Form1.image > 值不能为 null。
参数名: encoder,System.Drawing
22:18:43.7496406 >ERROR> Form1.image > 值不能为 null。
参数名: encoder,System.Drawing
22:18:44.2997914 >ERROR> Form1.image > 值不能为 null。
参数名: encoder,System.Drawing
22:18:44.7547874 >ERROR> Form1.image > 值不能为 null。
参数名: encoder,System.Drawing
22:18:45.2577654 >ERROR> Form1.image > 值不能为 null。
参数名: encoder,System.Drawing
22:18:45.7441976 >ERROR> Form1.image > 值不能为 null。
参数名: encoder,System.Drawing
22:18:46.2618502 >ERROR> Form1.image > 值不能为 null。
参数名: encoder,System.Drawing
22:18:46.7942892 >ERROR> Form1.image > 值不能为 null。
参数名: encoder,System.Drawing
22:18:47.2496530 >ERROR> Form1.image > 值不能为 null。
参数名: encoder,System.Drawing
22:18:47.7519874 >ERROR> Form1.image > 值不能为 null。
参数名: encoder,System.Drawing
22:18:48.2541721 >ERROR> Form1.image > 值不能为 null。
参数名: encoder,System.Drawing
22:18:48.7572368 >ERROR> Form1.image > 值不能为 null。
参数名: encoder,System.Drawing
22:18:49.2753898 >ERROR> Form1.image > 值不能为 null。
参数名: encoder,System.Drawing
22:18:49.7463296 >ERROR> Form1.image > 值不能为 null。
参数名: encoder,System.Drawing
22:18:50.2502320 >ERROR> Form1.image > 值不能为 null。
参数名: encoder,System.Drawing
22:18:50.7529155 >ERROR> Form1.image > 值不能为 null。
参数名: encoder,System.Drawing
22:18:51.2555015 >ERROR> Form1.image > 值不能为 null。
参数名: encoder,System.Drawing
22:18:51.7419980 >ERROR> Form1.image > 值不能为 null。
参数名: encoder,System.Drawing
22:18:52.2597995 >ERROR> Form1.image > 值不能为 null。
参数名: encoder,System.Drawing
22:18:52.7463873 >ERROR> Form1.image > 值不能为 null。
参数名: encoder,System.Drawing
22:18:53.2481176 >ERROR> Form1.image > 值不能为 null。
参数名: encoder,System.Drawing
22:18:53.7510966 >ERROR> Form1.image > 值不能为 null。
参数名: encoder,System.Drawing
22:18:54.2535986 >ERROR> Form1.image > 值不能为 null。
参数名: encoder,System.Drawing
22:18:54.7401723 >ERROR> Form1.image > 值不能为 null。
参数名: encoder,System.Drawing
22:18:55.3363345 >ERROR> Form1.image > 值不能为 null。
参数名: encoder,System.Drawing
22:18:55.8541867 >ERROR> Form1.image > 值不能为 null。
参数名: encoder,System.Drawing
22:18:56.2463368 >ERROR> Form1.image > 值不能为 null。
参数名: encoder,System.Drawing
22:18:56.7484314 >ERROR> Form1.image > 值不能为 null。
参数名: encoder,System.Drawing
22:18:57.3452331 >ERROR> Form1.image > 值不能为 null。
参数名: encoder,System.Drawing
22:18:57.8634057 >ERROR> Form1.image > 值不能为 null。
参数名: encoder,System.Drawing
22:18:58.3499242 >ERROR> Form1.image > 值不能为 null。
参数名: encoder,System.Drawing
22:18:58.8522364 >ERROR> Form1.image > 值不能为 null。
参数名: encoder,System.Drawing
22:18:59.3387327 >ERROR> Form1.image > 值不能为 null。
参数名: encoder,System.Drawing
22:18:59.8567341 >ERROR> Form1.image > 值不能为 null。
参数名: encoder,System.Drawing
22:19:00.3591035 >ERROR> Form1.image > 值不能为 null。
参数名: encoder,System.Drawing
22:19:00.8456255 >ERROR> Form1.image > 值不能为 null。
参数名: encoder,System.Drawing
22:19:01.3475894 >ERROR> Form1.image > 值不能为 null。
参数名: encoder,System.Drawing
22:19:01.8500039 >ERROR> Form1.image > 值不能为 null。
参数名: encoder,System.Drawing
22:19:02.3476367 >ERROR> Form1.image > 值不能为 null。
参数名: encoder,System.Drawing
22:19:02.8501656 >ERROR> Form1.image > 值不能为 null。
参数名: encoder,System.Drawing
22:19:03.3368428 >ERROR> Form1.image > 值不能为 null。
参数名: encoder,System.Drawing
22:19:03.8553619 >ERROR> Form1.image > 值不能为 null。
参数名: encoder,System.Drawing
22:19:04.3574961 >ERROR> Form1.image > 值不能为 null。
参数名: encoder,System.Drawing
22:19:04.8471309 >ERROR> Form1.image > 值不能为 null。
参数名: encoder,System.Drawing
22:19:05.3449805 >ERROR> Form1.image > 值不能为 null。
参数名: encoder,System.Drawing
22:19:05.8658501 >ERROR> Form1.image > 值不能为 null。
参数名: encoder,System.Drawing
22:19:06.3658533 >ERROR> Form1.image > 值不能为 null。
参数名: encoder,System.Drawing
22:19:06.8599194 >ERROR> Form1.image > 值不能为 null。
参数名: encoder,System.Drawing
22:19:07.3557262 >ERROR> Form1.image > 值不能为 null。
参数名: encoder,System.Drawing
22:19:07.8553659 >ERROR> Form1.image > 值不能为 null。
参数名: encoder,System.Drawing
22:19:08.3647691 >ERROR> Form1.image > 值不能为 null。
参数名: encoder,System.Drawing
22:19:08.9526505 >ERROR> Form1.image > 值不能为 null。
参数名: encoder,System.Drawing
22:19:09.4709833 >ERROR> Form1.image > 值不能为 null。
参数名: encoder,System.Drawing
22:19:09.9632719 >ERROR> Form1.image > 值不能为 null。
参数名: encoder,System.Drawing
22:19:10.4499908 >ERROR> Form1.image > 值不能为 null。
参数名: encoder,System.Drawing
22:19:10.9544114 >ERROR> Form1.image > 值不能为 null。
参数名: encoder,System.Drawing
22:19:11.4559122 >ERROR> Form1.image > 值不能为 null。
参数名: encoder,System.Drawing
22:19:11.9601631 >ERROR> Form1.image > 值不能为 null。
参数名: encoder,System.Drawing
22:19:12.4609083 >ERROR> Form1.image > 值不能为 null。
参数名: encoder,System.Drawing
22:19:12.9579083 >ERROR> Form1.image > 值不能为 null。
参数名: encoder,System.Drawing
22:19:13.4649764 >ERROR> Form1.image > 值不能为 null。
参数名: encoder,System.Drawing
22:19:13.9641759 >ERROR> Form1.image > 值不能为 null。
参数名: encoder,System.Drawing
22:19:14.4559580 >ERROR> Form1.image > 值不能为 null。
参数名: encoder,System.Drawing
22:19:14.9581622 >ERROR> Form1.image > 值不能为 null。
参数名: encoder,System.Drawing
22:19:15.4637544 >ERROR> Form1.image > 值不能为 null。
参数名: encoder,System.Drawing
22:19:15.9607662 >ERROR> Form1.image > 值不能为 null。
参数名: encoder,System.Drawing
22:19:16.4572487 >ERROR> Form1.image > 值不能为 null。
参数名: encoder,System.Drawing
22:19:16.9509037 >ERROR> Form1.image > 值不能为 null。
参数名: encoder,System.Drawing
22:19:17.4641469 >ERROR> Form1.image > 值不能为 null。
参数名: encoder,System.Drawing
22:19:17.9621984 >ERROR> Form1.image > 值不能为 null。
参数名: encoder,System.Drawing
22:19:18.4958991 >ERROR> Form1.image > 值不能为 null。
参数名: encoder,System.Drawing
22:19:18.9457101 >ERROR> Form1.image > 值不能为 null。
参数名: encoder,System.Drawing
22:19:19.4660868 >ERROR> Form1.image > 值不能为 null。
参数名: encoder,System.Drawing
22:19:19.9525766 >ERROR> Form1.image > 值不能为 null。
参数名: encoder,System.Drawing
22:19:20.5436995 >ERROR> Form1.image > 值不能为 null。
参数名: encoder,System.Drawing
22:19:21.0567089 >ERROR> Form1.image > 值不能为 null。
参数名: encoder,System.Drawing
22:19:21.5530467 >ERROR> Form1.image > 值不能为 null。
参数名: encoder,System.Drawing
22:19:22.0611774 >ERROR> Form1.image > 值不能为 null。
参数名: encoder,System.Drawing
22:19:22.5527283 >ERROR> Form1.image > 值不能为 null。
参数名: encoder,System.Drawing
22:19:23.0638672 >ERROR> Form1.image > 值不能为 null。
参数名: encoder,System.Drawing
22:19:23.4803568 >ERROR> Form1.image > 值不能为 null。
参数名: encoder,System.Drawing
22:19:24.0521921 >ERROR> Form1.image > 值不能为 null。
参数名: encoder,System.Drawing
22:19:24.5498344 >ERROR> Form1.image > 值不能为 null。
参数名: encoder,System.Drawing
22:19:25.0575678 >ERROR> Form1.image > 值不能为 null。
参数名: encoder,System.Drawing
22:19:25.5516799 >ERROR> Form1.image > 值不能为 null。
参数名: encoder,System.Drawing
22:19:26.0493825 >ERROR> Form1.image > 值不能为 null。
参数名: encoder,System.Drawing
22:19:26.5485937 >ERROR> Form1.image > 值不能为 null。
参数名: encoder,System.Drawing
22:19:27.0566828 >ERROR> Form1.image > 值不能为 null。
参数名: encoder,System.Drawing
22:19:27.5558643 >ERROR> Form1.image > 值不能为 null。
参数名: encoder,System.Drawing
22:19:28.0769311 >ERROR> Form1.image > 值不能为 null。
参数名: encoder,System.Drawing
22:19:28.6551299 >ERROR> Form1.image > 值不能为 null。
参数名: encoder,System.Drawing
22:19:29.0657622 >ERROR> Form1.image > 值不能为 null。
参数名: encoder,System.Drawing
22:19:29.6486902 >ERROR> Form1.image > 值不能为 null。
参数名: encoder,System.Drawing
22:19:30.1601591 >ERROR> Form1.image > 值不能为 null。
参数名: encoder,System.Drawing
22:19:30.6691339 >ERROR> Form1.image > 值不能为 null。
参数名: encoder,System.Drawing
22:19:31.1661625 >ERROR> Form1.image > 值不能为 null。
参数名: encoder,System.Drawing
22:19:31.6558900 >ERROR> Form1.image > 值不能为 null。
参数名: encoder,System.Drawing
22:19:32.1552698 >ERROR> Form1.image > 值不能为 null。
参数名: encoder,System.Drawing
22:19:32.6629269 >ERROR> Form1.image > 值不能为 null。
参数名: encoder,System.Drawing
22:19:33.1649284 >ERROR> Form1.image > 值不能为 null。
参数名: encoder,System.Drawing
22:19:33.6611540 >ERROR> Form1.image > 值不能为 null。
参数名: encoder,System.Drawing
22:19:34.1578640 >ERROR> Form1.image > 值不能为 null。
参数名: encoder,System.Drawing
22:19:34.6649374 >ERROR> Form1.image > 值不能为 null。
参数名: encoder,System.Drawing
22:19:35.1595391 >ERROR> Form1.image > 值不能为 null。
参数名: encoder,System.Drawing
22:19:35.6566251 >ERROR> Form1.image > 值不能为 null。
参数名: encoder,System.Drawing
22:19:36.1436879 >ERROR> Form1.image > 值不能为 null。
参数名: encoder,System.Drawing
22:19:36.6679816 >ERROR> Form1.image > 值不能为 null。
参数名: encoder,System.Drawing
22:19:37.1602126 >ERROR> Form1.image > 值不能为 null。
参数名: encoder,System.Drawing
22:19:37.6594369 >ERROR> Form1.image > 值不能为 null。
参数名: encoder,System.Drawing
22:19:38.1509250 >ERROR> Form1.image > 值不能为 null。
参数名: encoder,System.Drawing
22:19:38.6649096 >ERROR> Form1.image > 值不能为 null。
参数名: encoder,System.Drawing
22:19:39.1659187 >ERROR> Form1.image > 值不能为 null。
参数名: encoder,System.Drawing
22:19:39.7564572 >ERROR> Form1.image > 值不能为 null。
参数名: encoder,System.Drawing
22:19:40.2699281 >ERROR> Form1.image > 值不能为 null。
参数名: encoder,System.Drawing
22:19:40.7677240 >ERROR> Form1.image > 值不能为 null。
参数名: encoder,System.Drawing
22:19:41.2558693 >ERROR> Form1.image > 值不能为 null。
参数名: encoder,System.Drawing
22:19:41.7528878 >ERROR> Form1.image > 值不能为 null。
参数名: encoder,System.Drawing
22:19:42.2630916 >ERROR> Form1.image > 值不能为 null。
参数名: encoder,System.Drawing
22:19:42.7659127 >ERROR> Form1.image > 值不能为 null。
参数名: encoder,System.Drawing
22:19:43.2486468 >ERROR> Form1.image > 值不能为 null。
参数名: encoder,System.Drawing
22:19:43.7561396 >ERROR> Form1.image > 值不能为 null。
参数名: encoder,System.Drawing
22:19:44.2643216 >ERROR> Form1.image > 值不能为 null。
参数名: encoder,System.Drawing
22:19:44.7585073 >ERROR> Form1.image > 值不能为 null。
参数名: encoder,System.Drawing
22:19:45.2556690 >ERROR> Form1.image > 值不能为 null。
参数名: encoder,System.Drawing
22:19:45.7596824 >ERROR> Form1.image > 值不能为 null。
参数名: encoder,System.Drawing
22:19:46.2659187 >ERROR> Form1.image > 值不能为 null。
参数名: encoder,System.Drawing
22:19:46.7617187 >ERROR> Form1.image > 值不能为 null。
参数名: encoder,System.Drawing
22:19:47.2558528 >ERROR> Form1.image > 值不能为 null。
参数名: encoder,System.Drawing
22:19:47.7519084 >ERROR> Form1.image > 值不能为 null。
参数名: encoder,System.Drawing
22:19:48.2558229 >ERROR> Form1.image > 值不能为 null。
参数名: encoder,System.Drawing
22:19:48.7533533 >ERROR> Form1.image > 值不能为 null。
参数名: encoder,System.Drawing
22:19:49.2521302 >ERROR> Form1.image > 值不能为 null。
参数名: encoder,System.Drawing
22:19:49.8576144 >ERROR> Form1.image > 值不能为 null。
参数名: encoder,System.Drawing
22:19:50.2671110 >ERROR> Form1.image > 值不能为 null。
参数名: encoder,System.Drawing
22:19:50.7619383 >ERROR> Form1.image > 值不能为 null。
参数名: encoder,System.Drawing
22:19:51.3536523 >ERROR> Form1.image > 值不能为 null。
参数名: encoder,System.Drawing
22:19:51.8647517 >ERROR> Form1.image > 值不能为 null。
参数名: encoder,System.Drawing
22:19:52.3661285 >ERROR> Form1.image > 值不能为 null。
参数名: encoder,System.Drawing
22:19:52.8469236 >ERROR> Form1.image > 值不能为 null。
参数名: encoder,System.Drawing
22:19:53.3478483 >ERROR> Form1.image > 值不能为 null。
参数名: encoder,System.Drawing
22:19:53.8551179 >ERROR> Form1.image > 值不能为 null。
参数名: encoder,System.Drawing
22:19:54.3651154 >ERROR> Form1.image > 值不能为 null。
参数名: encoder,System.Drawing
22:19:54.8557719 >ERROR> Form1.image > 值不能为 null。
参数名: encoder,System.Drawing
22:19:55.3546703 >ERROR> Form1.image > 值不能为 null。
参数名: encoder,System.Drawing
22:19:55.8657656 >ERROR> Form1.image > 值不能为 null。
参数名: encoder,System.Drawing
22:19:56.3591036 >ERROR> Form1.image > 值不能为 null。
参数名: encoder,System.Drawing
22:19:56.8476747 >ERROR> Form1.image > 值不能为 null。
参数名: encoder,System.Drawing
22:19:57.3447057 >ERROR> Form1.image > 值不能为 null。
参数名: encoder,System.Drawing
22:19:57.8657071 >ERROR> Form1.image > 值不能为 null。
参数名: encoder,System.Drawing
22:19:58.3526909 >ERROR> Form1.image > 值不能为 null。
参数名: encoder,System.Drawing
22:19:58.9487617 >ERROR> Form1.image > 值不能为 null。
参数名: encoder,System.Drawing
22:19:59.4668532 >ERROR> Form1.image > 值不能为 null。
参数名: encoder,System.Drawing
22:19:59.9509623 >ERROR> Form1.image > 值不能为 null。
参数名: encoder,System.Drawing
22:20:00.4479405 >ERROR> Form1.image > 值不能为 null。
参数名: encoder,System.Drawing
22:20:00.9470805 >ERROR> Form1.image > 值不能为 null。
参数名: encoder,System.Drawing
22:20:01.4565658 >ERROR> Form1.image > 值不能为 null。
参数名: encoder,System.Drawing
22:20:02.0164994 >ERROR> Form1.image > 值不能为 null。
参数名: encoder,System.Drawing
22:20:02.4546947 >ERROR> Form1.image > 值不能为 null。
参数名: encoder,System.Drawing
22:20:02.9546533 >ERROR> Form1.image > 值不能为 null。
参数名: encoder,System.Drawing
22:20:03.4618471 >ERROR> Form1.image > 值不能为 null。
参数名: encoder,System.Drawing
22:20:03.9604509 >ERROR> Form1.image > 值不能为 null。
参数名: encoder,System.Drawing
22:20:04.5528464 >ERROR> Form1.image > 值不能为 null。
参数名: encoder,System.Drawing
22:20:05.0659600 >ERROR> Form1.image > 值不能为 null。
参数名: encoder,System.Drawing
22:20:05.4703218 >ERROR> Form1.image > 值不能为 null。
参数名: encoder,System.Drawing
22:20:06.0616581 >ERROR> Form1.image > 值不能为 null。
参数名: encoder,System.Drawing
22:20:06.5528480 >ERROR> Form1.image > 值不能为 null。
参数名: encoder,System.Drawing
22:20:07.0646914 >ERROR> Form1.image > 值不能为 null。
参数名: encoder,System.Drawing
22:20:07.5536882 >ERROR> Form1.image > 值不能为 null。
参数名: encoder,System.Drawing
22:20:08.0501023 >ERROR> Form1.image > 值不能为 null。
参数名: encoder,System.Drawing
22:20:08.5612961 >ERROR> Form1.image > 值不能为 null。
参数名: encoder,System.Drawing
22:20:09.0651045 >ERROR> Form1.image > 值不能为 null。
参数名: encoder,System.Drawing
22:20:09.5536983 >ERROR> Form1.image > 值不能为 null。
参数名: encoder,System.Drawing
22:20:10.0591076 >ERROR> Form1.image > 值不能为 null。
参数名: encoder,System.Drawing
22:20:10.5535444 >ERROR> Form1.image > 值不能为 null。
参数名: encoder,System.Drawing
22:20:11.0641202 >ERROR> Form1.image > 值不能为 null。
参数名: encoder,System.Drawing
22:20:11.5572235 >ERROR> Form1.image > 值不能为 null。
参数名: encoder,System.Drawing
22:20:12.0578342 >ERROR> Form1.image > 值不能为 null。
参数名: encoder,System.Drawing
22:20:12.5440953 >ERROR> Form1.image > 值不能为 null。
参数名: encoder,System.Drawing
22:20:13.0630423 >ERROR> Form1.image > 值不能为 null。
参数名: encoder,System.Drawing
22:20:13.5511052 >ERROR> Form1.image > 值不能为 null。
参数名: encoder,System.Drawing
22:20:14.0536435 >ERROR> Form1.image > 值不能为 null。
参数名: encoder,System.Drawing
22:20:14.5598307 >ERROR> Form1.image > 值不能为 null。
参数名: encoder,System.Drawing
22:20:15.0596144 >ERROR> Form1.image > 值不能为 null。
参数名: encoder,System.Drawing
22:20:15.5888048 >ERROR> Form1.image > 值不能为 null。
参数名: encoder,System.Drawing
22:20:16.1583284 >ERROR> Form1.image > 值不能为 null。
参数名: encoder,System.Drawing
22:20:16.6652472 >ERROR> Form1.image > 值不能为 null。
参数名: encoder,System.Drawing
22:20:17.1514181 >ERROR> Form1.image > 值不能为 null。
参数名: encoder,System.Drawing
22:20:17.6514756 >ERROR> Form1.image > 值不能为 null。
参数名: encoder,System.Drawing
22:20:18.1470947 >ERROR> Form1.image > 值不能为 null。
参数名: encoder,System.Drawing
22:20:18.6664270 >ERROR> Form1.image > 值不能为 null。
参数名: encoder,System.Drawing
22:20:19.1657459 >ERROR> Form1.image > 值不能为 null。
参数名: encoder,System.Drawing
22:20:19.6567973 >ERROR> Form1.image > 值不能为 null。
参数名: encoder,System.Drawing
22:20:20.1548347 >ERROR> Form1.image > 值不能为 null。
参数名: encoder,System.Drawing
22:20:20.6655959 >ERROR> Form1.image > 值不能为 null。
参数名: encoder,System.Drawing
22:20:21.1537107 >ERROR> Form1.image > 值不能为 null。
参数名: encoder,System.Drawing
22:20:21.6519137 >ERROR> Form1.image > 值不能为 null。
参数名: encoder,System.Drawing
22:20:22.1450015 >ERROR> Form1.image > 值不能为 null。
参数名: encoder,System.Drawing
22:20:22.6588773 >ERROR> Form1.image > 值不能为 null。
参数名: encoder,System.Drawing
22:20:23.2556650 >ERROR> Form1.image > 值不能为 null。
参数名: encoder,System.Drawing
22:20:23.7433992 >ERROR> Form1.image > 值不能为 null。
参数名: encoder,System.Drawing
22:20:24.2554018 >ERROR> Form1.image > 值不能为 null。
参数名: encoder,System.Drawing
22:20:24.7545118 >ERROR> Form1.image > 值不能为 null。
参数名: encoder,System.Drawing
22:20:25.2486599 >ERROR> Form1.image > 值不能为 null。
参数名: encoder,System.Drawing
22:20:25.7540023 >ERROR> Form1.image > 值不能为 null。
参数名: encoder,System.Drawing
22:20:26.2556655 >ERROR> Form1.image > 值不能为 null。
参数名: encoder,System.Drawing
22:20:26.7576876 >ERROR> Form1.image > 值不能为 null。
参数名: encoder,System.Drawing
22:20:27.2564585 >ERROR> Form1.image > 值不能为 null。
参数名: encoder,System.Drawing
22:20:27.7517983 >ERROR> Form1.image > 值不能为 null。
参数名: encoder,System.Drawing
22:20:28.2651990 >ERROR> Form1.image > 值不能为 null。
参数名: encoder,System.Drawing
22:20:28.7518380 >ERROR> Form1.image > 值不能为 null。
参数名: encoder,System.Drawing
22:20:29.2513522 >ERROR> Form1.image > 值不能为 null。
参数名: encoder,System.Drawing
22:20:29.8555526 >ERROR> Form1.image > 值不能为 null。
参数名: encoder,System.Drawing
22:20:30.2640471 >ERROR> Form1.image > 值不能为 null。
参数名: encoder,System.Drawing
22:20:30.8470827 >ERROR> Form1.image > 值不能为 null。
参数名: encoder,System.Drawing
22:20:31.3460715 >ERROR> Form1.image > 值不能为 null。
参数名: encoder,System.Drawing
22:20:31.8398292 >ERROR> Form1.image > 值不能为 null。
参数名: encoder,System.Drawing
22:20:32.3517687 >ERROR> Form1.image > 值不能为 null。
参数名: encoder,System.Drawing
22:20:32.8591002 >ERROR> Form1.image > 值不能为 null。
参数名: encoder,System.Drawing
22:20:33.3446126 >ERROR> Form1.image > 值不能为 null。
参数名: encoder,System.Drawing
22:20:33.8486401 >ERROR> Form1.image > 值不能为 null。
参数名: encoder,System.Drawing
22:20:34.3656593 >ERROR> Form1.image > 值不能为 null。
参数名: encoder,System.Drawing
22:20:34.8505004 >ERROR> Form1.image > 值不能为 null。
参数名: encoder,System.Drawing
22:20:35.3562553 >ERROR> Form1.image > 值不能为 null。
参数名: encoder,System.Drawing
22:20:35.8476235 >ERROR> Form1.image > 值不能为 null。
参数名: encoder,System.Drawing
22:20:36.3515097 >ERROR> Form1.image > 值不能为 null。
参数名: encoder,System.Drawing
22:20:36.8556688 >ERROR> Form1.image > 值不能为 null。
参数名: encoder,System.Drawing
22:20:37.3491168 >ERROR> Form1.image > 值不能为 null。
参数名: encoder,System.Drawing
22:20:37.8406082 >ERROR> Form1.image > 值不能为 null。
参数名: encoder,System.Drawing
22:20:38.3519145 >ERROR> Form1.image > 值不能为 null。
参数名: encoder,System.Drawing
22:20:38.8496542 >ERROR> Form1.image > 值不能为 null。
参数名: encoder,System.Drawing
22:20:39.4466108 >ERROR> Form1.image > 值不能为 null。
参数名: encoder,System.Drawing
22:20:39.9530122 >ERROR> Form1.image > 值不能为 null。
参数名: encoder,System.Drawing
22:20:40.4486868 >ERROR> Form1.image > 值不能为 null。
参数名: encoder,System.Drawing
22:20:40.9586433 >ERROR> Form1.image > 值不能为 null。
参数名: encoder,System.Drawing
22:20:41.4526147 >ERROR> Form1.image > 值不能为 null。
参数名: encoder,System.Drawing
22:20:41.9609715 >ERROR> Form1.image > 值不能为 null。
参数名: encoder,System.Drawing
22:20:42.4558587 >ERROR> Form1.image > 值不能为 null。
参数名: encoder,System.Drawing
22:20:42.9528695 >ERROR> Form1.image > 值不能为 null。
参数名: encoder,System.Drawing
22:20:43.4478114 >ERROR> Form1.image > 值不能为 null。
参数名: encoder,System.Drawing
22:20:43.9958310 >ERROR> Form1.image > 值不能为 null。
参数名: encoder,System.Drawing
22:20:44.4505097 >ERROR> Form1.image > 值不能为 null。
参数名: encoder,System.Drawing
22:20:44.9458324 >ERROR> Form1.image > 值不能为 null。
参数名: encoder,System.Drawing
22:20:45.4486083 >ERROR> Form1.image > 值不能为 null。
参数名: encoder,System.Drawing
22:20:45.9538300 >ERROR> Form1.image > 值不能为 null。
参数名: encoder,System.Drawing
22:20:46.4543126 >ERROR> Form1.image > 值不能为 null。
参数名: encoder,System.Drawing
22:20:46.9577898 >ERROR> Form1.image > 值不能为 null。
参数名: encoder,System.Drawing
22:20:47.4490912 >ERROR> Form1.image > 值不能为 null。
参数名: encoder,System.Drawing
22:20:47.9519852 >ERROR> Form1.image > 值不能为 null。
参数名: encoder,System.Drawing
22:20:48.4548408 >ERROR> Form1.image > 值不能为 null。
参数名: encoder,System.Drawing
22:20:48.9557868 >ERROR> Form1.image > 值不能为 null。
参数名: encoder,System.Drawing
22:20:49.4395948 >ERROR> Form1.image > 值不能为 null。
参数名: encoder,System.Drawing
22:20:49.9579008 >ERROR> Form1.image > 值不能为 null。
参数名: encoder,System.Drawing
22:20:50.4502393 >ERROR> Form1.image > 值不能为 null。
参数名: encoder,System.Drawing
22:20:50.9536760 >ERROR> Form1.image > 值不能为 null。
参数名: encoder,System.Drawing
22:20:51.5516731 >ERROR> Form1.image > 值不能为 null。
参数名: encoder,System.Drawing
22:20:52.0568396 >ERROR> Form1.image > 值不能为 null。
参数名: encoder,System.Drawing
22:20:52.5546021 >ERROR> Form1.image > 值不能为 null。
参数名: encoder,System.Drawing
22:20:53.0464093 >ERROR> Form1.image > 值不能为 null。
参数名: encoder,System.Drawing
22:20:53.5506219 >ERROR> Form1.image > 值不能为 null。
参数名: encoder,System.Drawing
22:20:54.0510822 >ERROR> Form1.image > 值不能为 null。
参数名: encoder,System.Drawing
22:20:54.5435836 >ERROR> Form1.image > 值不能为 null。
参数名: encoder,System.Drawing
22:20:55.0406932 >ERROR> Form1.image > 值不能为 null。
参数名: encoder,System.Drawing
22:20:55.5575670 >ERROR> Form1.image > 值不能为 null。
参数名: encoder,System.Drawing
22:20:56.0499144 >ERROR> Form1.image > 值不能为 null。
参数名: encoder,System.Drawing
22:20:56.5437782 >ERROR> Form1.image > 值不能为 null。
参数名: encoder,System.Drawing
22:20:57.0397941 >ERROR> Form1.image > 值不能为 null。
参数名: encoder,System.Drawing
22:20:57.5618841 >ERROR> Form1.image > 值不能为 null。
参数名: encoder,System.Drawing
22:20:58.0596250 >ERROR> Form1.image > 值不能为 null。
参数名: encoder,System.Drawing
22:20:58.5557481 >ERROR> Form1.image > 值不能为 null。
参数名: encoder,System.Drawing
22:20:59.0524007 >ERROR> Form1.image > 值不能为 null。
参数名: encoder,System.Drawing
22:20:59.5520581 >ERROR> Form1.image > 值不能为 null。
参数名: encoder,System.Drawing
22:21:00.0504786 >ERROR> Form1.image > 值不能为 null。
参数名: encoder,System.Drawing
22:21:00.6520520 >ERROR> Form1.image > 值不能为 null。
参数名: encoder,System.Drawing
22:21:01.1607231 >ERROR> Form1.image > 值不能为 null。
参数名: encoder,System.Drawing
22:21:01.6516265 >ERROR> Form1.image > 值不能为 null。
参数名: encoder,System.Drawing
22:21:02.1575899 >ERROR> Form1.image > 值不能为 null。
参数名: encoder,System.Drawing
22:21:02.6507567 >ERROR> Form1.image > 值不能为 null。
参数名: encoder,System.Drawing
22:21:03.1498834 >ERROR> Form1.image > 值不能为 null。
参数名: encoder,System.Drawing
22:21:03.6576373 >ERROR> Form1.image > 值不能为 null。
参数名: encoder,System.Drawing
22:21:04.1432290 >ERROR> Form1.image > 值不能为 null。
参数名: encoder,System.Drawing
22:21:04.6425769 >ERROR> Form1.image > 值不能为 null。
参数名: encoder,System.Drawing
22:21:05.1560443 >ERROR> Form1.image > 值不能为 null。
参数名: encoder,System.Drawing
22:21:05.6588058 >ERROR> Form1.image > 值不能为 null。
参数名: encoder,System.Drawing
22:21:17.9679607 >ERROR> Form1.image > 值不能为 null。
参数名: encoder,System.Drawing
22:21:18.1543202 >ERROR> Form1.image > 值不能为 null。
参数名: encoder,System.Drawing
22:21:18.6492351 >ERROR> Form1.image > 值不能为 null。
参数名: encoder,System.Drawing
22:21:19.1247909 >ERROR> Form1.image > 值不能为 null。
参数名: encoder,System.Drawing
22:21:19.6364185 >ERROR> Form1.image > 值不能为 null。
参数名: encoder,System.Drawing
22:21:20.1540391 >ERROR> Form1.image > 值不能为 null。
参数名: encoder,System.Drawing
22:21:20.6368649 >ERROR> Form1.image > 值不能为 null。
参数名: encoder,System.Drawing
22:21:21.1315892 >ERROR> Form1.image > 值不能为 null。
参数名: encoder,System.Drawing
22:21:21.6719492 >ERROR> Form1.image > 值不能为 null。
参数名: encoder,System.Drawing
22:21:22.0668739 >ERROR> Form1.image > 值不能为 null。
参数名: encoder,System.Drawing
22:21:22.6307552 >ERROR> Form1.image > 值不能为 null。
参数名: encoder,System.Drawing
22:21:51.4574897 >ERROR> Form1.image > 值不能为 null。
参数名: encoder,System.Drawing
22:21:52.0670022 >ERROR> Form1.image > 值不能为 null。
参数名: encoder,System.Drawing
22:21:52.5365196 >ERROR> Form1.image > 值不能为 null。
参数名: encoder,System.Drawing
22:21:53.0468696 >ERROR> Form1.image > 值不能为 null。
参数名: encoder,System.Drawing
22:21:53.5209841 >ERROR> Form1.image > 值不能为 null。
参数名: encoder,System.Drawing
22:21:54.0388293 >ERROR> Form1.image > 值不能为 null。
参数名: encoder,System.Drawing
22:21:54.5453240 >ERROR> Form1.image > 值不能为 null。
参数名: encoder,System.Drawing
22:21:55.0217381 >ERROR> Form1.image > 值不能为 null。
参数名: encoder,System.Drawing
22:21:55.5826889 >ERROR> Form1.image > 值不能为 null。
参数名: encoder,System.Drawing
22:21:56.0319769 >ERROR> Form1.image > 值不能为 null。
参数名: encoder,System.Drawing
22:21:56.5331486 >ERROR> Form1.image > 值不能为 null。
参数名: encoder,System.Drawing
22:21:57.0259881 >ERROR> Form1.image > 值不能为 null。
参数名: encoder,System.Drawing
22:21:57.5395290 >ERROR> Form1.image > 值不能为 null。
参数名: encoder,System.Drawing
22:21:58.0475700 >ERROR> Form1.image > 值不能为 null。
参数名: encoder,System.Drawing
22:21:58.5400291 >ERROR> Form1.image > 值不能为 null。
参数名: encoder,System.Drawing
22:21:59.0759942 >ERROR> Form1.image > 值不能为 null。
参数名: encoder,System.Drawing
22:21:59.6285573 >ERROR> Form1.image > 值不能为 null。
参数名: encoder,System.Drawing
22:22:00.0305544 >ERROR> Form1.image > 值不能为 null。
参数名: encoder,System.Drawing
22:22:00.6200175 >ERROR> Form1.image > 值不能为 null。
参数名: encoder,System.Drawing
22:22:01.1425266 >ERROR> Form1.image > 值不能为 null。
参数名: encoder,System.Drawing
22:22:01.6415814 >ERROR> Form1.image > 值不能为 null。
参数名: encoder,System.Drawing
22:22:02.1276297 >ERROR> Form1.image > 值不能为 null。
参数名: encoder,System.Drawing
22:22:02.6259705 >ERROR> Form1.image > 值不能为 null。
参数名: encoder,System.Drawing
22:22:03.1357092 >ERROR> Form1.image > 值不能为 null。
参数名: encoder,System.Drawing
22:22:03.6329618 >ERROR> Form1.image > 值不能为 null。
参数名: encoder,System.Drawing
22:22:04.1231604 >ERROR> Form1.image > 值不能为 null。
参数名: encoder,System.Drawing
22:22:04.6274959 >ERROR> Form1.image > 值不能为 null。
参数名: encoder,System.Drawing
22:22:05.1162866 >ERROR> Form1.image > 值不能为 null。
参数名: encoder,System.Drawing
22:22:05.6293335 >ERROR> Form1.image > 值不能为 null。
参数名: encoder,System.Drawing
22:22:06.1587816 >ERROR> Form1.image > 值不能为 null。
参数名: encoder,System.Drawing
22:22:06.6136584 >ERROR> Form1.image > 值不能为 null。
参数名: encoder,System.Drawing
22:22:07.1148544 >ERROR> Form1.image > 值不能为 null。
参数名: encoder,System.Drawing
22:22:07.6173702 >ERROR> Form1.image > 值不能为 null。
参数名: encoder,System.Drawing
22:22:08.2251634 >ERROR> Form1.image > 值不能为 null。
参数名: encoder,System.Drawing
22:22:08.7125611 >ERROR> Form1.image > 值不能为 null。
参数名: encoder,System.Drawing
22:22:09.2292658 >ERROR> Form1.image > 值不能为 null。
参数名: encoder,System.Drawing
22:22:09.7303786 >ERROR> Form1.image > 值不能为 null。
参数名: encoder,System.Drawing
22:22:10.2256906 >ERROR> Form1.image > 值不能为 null。
参数名: encoder,System.Drawing
22:22:10.7205152 >ERROR> Form1.image > 值不能为 null。
参数名: encoder,System.Drawing
22:22:11.2308719 >ERROR> Form1.image > 值不能为 null。
参数名: encoder,System.Drawing
22:22:11.7378992 >ERROR> Form1.image > 值不能为 null。
参数名: encoder,System.Drawing
22:22:12.2380609 >ERROR> Form1.image > 值不能为 null。
参数名: encoder,System.Drawing
22:22:12.7468593 >ERROR> Form1.image > 值不能为 null。
参数名: encoder,System.Drawing
22:22:13.2396630 >ERROR> Form1.image > 值不能为 null。
参数名: encoder,System.Drawing
22:22:13.7333452 >ERROR> Form1.image > 值不能为 null。
参数名: encoder,System.Drawing
22:22:14.2225278 >ERROR> Form1.image > 值不能为 null。
参数名: encoder,System.Drawing
22:22:14.7410582 >ERROR> Form1.image > 值不能为 null。
参数名: encoder,System.Drawing
22:22:15.3132235 >ERROR> Form1.image > 值不能为 null。
参数名: encoder,System.Drawing
22:22:15.8196911 >ERROR> Form1.image > 值不能为 null。
参数名: encoder,System.Drawing
22:22:16.3158429 >ERROR> Form1.image > 值不能为 null。
参数名: encoder,System.Drawing
22:22:16.8436955 >ERROR> Form1.image > 值不能为 null。
参数名: encoder,System.Drawing
22:22:17.3340364 >ERROR> Form1.image > 值不能为 null。
参数名: encoder,System.Drawing
22:22:17.8157236 >ERROR> Form1.image > 值不能为 null。
参数名: encoder,System.Drawing
22:22:18.3298890 >ERROR> Form1.image > 值不能为 null。
参数名: encoder,System.Drawing
22:22:18.8248494 >ERROR> Form1.image > 值不能为 null。
参数名: encoder,System.Drawing
22:22:19.3123836 >ERROR> Form1.image > 值不能为 null。
参数名: encoder,System.Drawing
22:22:19.8175493 >ERROR> Form1.image > 值不能为 null。
参数名: encoder,System.Drawing
22:22:20.3145457 >ERROR> Form1.image > 值不能为 null。
参数名: encoder,System.Drawing
22:22:20.8437967 >ERROR> Form1.image > 值不能为 null。
参数名: encoder,System.Drawing
22:22:21.4173491 >ERROR> Form1.image > 值不能为 null。
参数名: encoder,System.Drawing
22:22:21.9112820 >ERROR> Form1.image > 值不能为 null。
参数名: encoder,System.Drawing
22:22:22.4321216 >ERROR> Form1.image > 值不能为 null。
参数名: encoder,System.Drawing
22:22:22.9284527 >ERROR> Form1.image > 值不能为 null。
参数名: encoder,System.Drawing
22:22:23.4173950 >ERROR> Form1.image > 值不能为 null。
参数名: encoder,System.Drawing
22:22:23.9312086 >ERROR> Form1.image > 值不能为 null。
参数名: encoder,System.Drawing
22:22:24.4339404 >ERROR> Form1.image > 值不能为 null。
参数名: encoder,System.Drawing
22:22:24.9302657 >ERROR> Form1.image > 值不能为 null。
参数名: encoder,System.Drawing
22:22:25.4204704 >ERROR> Form1.image > 值不能为 null。
参数名: encoder,System.Drawing
22:22:25.9159750 >ERROR> Form1.image > 值不能为 null。
参数名: encoder,System.Drawing
22:22:26.4279434 >ERROR> Form1.image > 值不能为 null。
参数名: encoder,System.Drawing
22:22:26.9459248 >ERROR> Form1.image > 值不能为 null。
参数名: encoder,System.Drawing
22:22:27.4395126 >ERROR> Form1.image > 值不能为 null。
参数名: encoder,System.Drawing
22:22:28.0334789 >ERROR> Form1.image > 值不能为 null。
参数名: encoder,System.Drawing
22:22:28.5314869 >ERROR> Form1.image > 值不能为 null。
参数名: encoder,System.Drawing
22:22:29.0217323 >ERROR> Form1.image > 值不能为 null。
参数名: encoder,System.Drawing
22:22:29.5177922 >ERROR> Form1.image > 值不能为 null。
参数名: encoder,System.Drawing
22:22:30.0372008 >ERROR> Form1.image > 值不能为 null。
参数名: encoder,System.Drawing
22:22:30.5281760 >ERROR> Form1.image > 值不能为 null。
参数名: encoder,System.Drawing
22:22:31.0209431 >ERROR> Form1.image > 值不能为 null。
参数名: encoder,System.Drawing
22:22:31.5345351 >ERROR> Form1.image > 值不能为 null。
参数名: encoder,System.Drawing
22:22:32.0449244 >ERROR> Form1.image > 值不能为 null。
参数名: encoder,System.Drawing
22:22:32.5425166 >ERROR> Form1.image > 值不能为 null。
参数名: encoder,System.Drawing
22:22:33.0209315 >ERROR> Form1.image > 值不能为 null。
参数名: encoder,System.Drawing
22:22:33.5399434 >ERROR> Form1.image > 值不能为 null。
参数名: encoder,System.Drawing
22:22:34.0509553 >ERROR> Form1.image > 值不能为 null。
参数名: encoder,System.Drawing
22:22:34.5475267 >ERROR> Form1.image > 值不能为 null。
参数名: encoder,System.Drawing
22:22:35.0388819 >ERROR> Form1.image > 值不能为 null。
参数名: encoder,System.Drawing
22:22:35.5332683 >ERROR> Form1.image > 值不能为 null。
参数名: encoder,System.Drawing
22:22:36.0508463 >ERROR> Form1.image > 值不能为 null。
参数名: encoder,System.Drawing
22:22:36.5249213 >ERROR> Form1.image > 值不能为 null。
参数名: encoder,System.Drawing
22:22:37.0396686 >ERROR> Form1.image > 值不能为 null。
参数名: encoder,System.Drawing
22:22:37.6315182 >ERROR> Form1.image > 值不能为 null。
参数名: encoder,System.Drawing
22:22:38.1435346 >ERROR> Form1.image > 值不能为 null。
参数名: encoder,System.Drawing
22:22:38.6399161 >ERROR> Form1.image > 值不能为 null。
参数名: encoder,System.Drawing
22:22:39.1352503 >ERROR> Form1.image > 值不能为 null。
参数名: encoder,System.Drawing
22:22:39.6455217 >ERROR> Form1.image > 值不能为 null。
参数名: encoder,System.Drawing
22:22:40.1276297 >ERROR> Form1.image > 值不能为 null。
参数名: encoder,System.Drawing
22:22:40.6240024 >ERROR> Form1.image > 值不能为 null。
参数名: encoder,System.Drawing
22:22:41.1354778 >ERROR> Form1.image > 值不能为 null。
参数名: encoder,System.Drawing
22:22:41.6329991 >ERROR> Form1.image > 值不能为 null。
参数名: encoder,System.Drawing
22:22:42.1261216 >ERROR> Form1.image > 值不能为 null。
参数名: encoder,System.Drawing
22:22:42.6215140 >ERROR> Form1.image > 值不能为 null。
参数名: encoder,System.Drawing
22:22:43.1194507 >ERROR> Form1.image > 值不能为 null。
参数名: encoder,System.Drawing
22:22:43.6465099 >ERROR> Form1.image > 值不能为 null。
参数名: encoder,System.Drawing
22:22:44.1489403 >ERROR> Form1.image > 值不能为 null。
参数名: encoder,System.Drawing
22:22:44.6416619 >ERROR> Form1.image > 值不能为 null。
参数名: encoder,System.Drawing
22:22:45.2431318 >ERROR> Form1.image > 值不能为 null。
参数名: encoder,System.Drawing
22:22:45.7242770 >ERROR> Form1.image > 值不能为 null。
参数名: encoder,System.Drawing
22:22:46.2404722 >ERROR> Form1.image > 值不能为 null。
参数名: encoder,System.Drawing
22:22:46.7169166 >ERROR> Form1.image > 值不能为 null。
参数名: encoder,System.Drawing
22:22:47.2516676 >ERROR> Form1.image > 值不能为 null。
参数名: encoder,System.Drawing
22:22:47.7475862 >ERROR> Form1.image > 值不能为 null。
参数名: encoder,System.Drawing
22:22:48.2220414 >ERROR> Form1.image > 值不能为 null。
参数名: encoder,System.Drawing
22:22:48.7238956 >ERROR> Form1.image > 值不能为 null。
参数名: encoder,System.Drawing
22:22:49.2425752 >ERROR> Form1.image > 值不能为 null。
参数名: encoder,System.Drawing
22:22:49.7322672 >ERROR> Form1.image > 值不能为 null。
参数名: encoder,System.Drawing
22:22:50.2308466 >ERROR> Form1.image > 值不能为 null。
参数名: encoder,System.Drawing
22:22:50.7273442 >ERROR> Form1.image > 值不能为 null。
参数名: encoder,System.Drawing
22:22:51.2364999 >ERROR> Form1.image > 值不能为 null。
参数名: encoder,System.Drawing
22:22:51.8403617 >ERROR> Form1.image > 值不能为 null。
参数名: encoder,System.Drawing
22:22:52.3321656 >ERROR> Form1.image > 值不能为 null。
参数名: encoder,System.Drawing
22:22:52.8440708 >ERROR> Form1.image > 值不能为 null。
参数名: encoder,System.Drawing
22:22:53.3401178 >ERROR> Form1.image > 值不能为 null。
参数名: encoder,System.Drawing
22:22:53.8207024 >ERROR> Form1.image > 值不能为 null。
参数名: encoder,System.Drawing
22:22:54.3429187 >ERROR> Form1.image > 值不能为 null。
参数名: encoder,System.Drawing
22:22:54.8405022 >ERROR> Form1.image > 值不能为 null。
参数名: encoder,System.Drawing
22:22:55.3230802 >ERROR> Form1.image > 值不能为 null。
参数名: encoder,System.Drawing
22:22:55.8121501 >ERROR> Form1.image > 值不能为 null。
参数名: encoder,System.Drawing
22:22:56.4418260 >ERROR> Form1.image > 值不能为 null。
参数名: encoder,System.Drawing
22:22:56.9255663 >ERROR> Form1.image > 值不能为 null。
参数名: encoder,System.Drawing
22:22:57.4400750 >ERROR> Form1.image > 值不能为 null。
参数名: encoder,System.Drawing
22:22:57.9309445 >ERROR> Form1.image > 值不能为 null。
参数名: encoder,System.Drawing
22:22:58.4434067 >ERROR> Form1.image > 值不能为 null。
参数名: encoder,System.Drawing
22:22:58.9214714 >ERROR> Form1.image > 值不能为 null。
参数名: encoder,System.Drawing
22:22:59.4148791 >ERROR> Form1.image > 值不能为 null。
参数名: encoder,System.Drawing
22:22:59.9264300 >ERROR> Form1.image > 值不能为 null。
参数名: encoder,System.Drawing
22:23:00.4388807 >ERROR> Form1.image > 值不能为 null。
参数名: encoder,System.Drawing
22:23:00.9476547 >ERROR> Form1.image > 值不能为 null。
参数名: encoder,System.Drawing
22:23:01.4239457 >ERROR> Form1.image > 值不能为 null。
参数名: encoder,System.Drawing
22:23:01.9332184 >ERROR> Form1.image > 值不能为 null。
参数名: encoder,System.Drawing
22:23:02.5228053 >ERROR> Form1.image > 值不能为 null。
参数名: encoder,System.Drawing
22:23:03.0261815 >ERROR> Form1.image > 值不能为 null。
参数名: encoder,System.Drawing
22:23:03.5318789 >ERROR> Form1.image > 值不能为 null。
参数名: encoder,System.Drawing
22:23:04.0302812 >ERROR> Form1.image > 值不能为 null。
参数名: encoder,System.Drawing
22:23:04.5425913 >ERROR> Form1.image > 值不能为 null。
参数名: encoder,System.Drawing
22:23:05.0378161 >ERROR> Form1.image > 值不能为 null。
参数名: encoder,System.Drawing
22:23:05.5331220 >ERROR> Form1.image > 值不能为 null。
参数名: encoder,System.Drawing
22:23:06.0387337 >ERROR> Form1.image > 值不能为 null。
参数名: encoder,System.Drawing
22:23:06.5346818 >ERROR> Form1.image > 值不能为 null。
参数名: encoder,System.Drawing
22:23:07.0239697 >ERROR> Form1.image > 值不能为 null。
参数名: encoder,System.Drawing
22:23:07.5208784 >ERROR> Form1.image > 值不能为 null。
参数名: encoder,System.Drawing
22:23:08.0451990 >ERROR> Form1.image > 值不能为 null。
参数名: encoder,System.Drawing
22:23:08.5248994 >ERROR> Form1.image > 值不能为 null。
参数名: encoder,System.Drawing
22:23:09.0188769 >ERROR> Form1.image > 值不能为 null。
参数名: encoder,System.Drawing
22:23:09.6278881 >ERROR> Form1.image > 值不能为 null。
参数名: encoder,System.Drawing
22:23:10.0288415 >ERROR> Form1.image > 值不能为 null。
参数名: encoder,System.Drawing
22:23:10.5385868 >ERROR> Form1.image > 值不能为 null。
参数名: encoder,System.Drawing
22:23:18.9138494 >ERROR> Form1.image > 值不能为 null。
参数名: encoder,System.Drawing
22:23:19.2566528 >ERROR> Form1.image > 值不能为 null。
参数名: encoder,System.Drawing
22:23:19.7548758 >ERROR> Form1.image > 值不能为 null。
参数名: encoder,System.Drawing
22:23:20.2649022 >ERROR> Form1.image > 值不能为 null。
参数名: encoder,System.Drawing
22:23:20.7639685 >ERROR> Form1.image > 值不能为 null。
参数名: encoder,System.Drawing
22:23:21.2304167 >ERROR> Form1.image > 值不能为 null。
参数名: encoder,System.Drawing
22:23:21.7405784 >ERROR> Form1.image > 值不能为 null。
参数名: encoder,System.Drawing
22:23:22.2598885 >ERROR> Form1.image > 值不能为 null。
参数名: encoder,System.Drawing
22:23:22.7500445 >ERROR> Form1.image > 值不能为 null。
参数名: encoder,System.Drawing
22:23:23.2505230 >ERROR> Form1.image > 值不能为 null。
参数名: encoder,System.Drawing
22:23:27.0387564 >ERROR> Form1.image > 值不能为 null。
参数名: encoder,System.Drawing
22:23:27.6526059 >ERROR> Form1.image > 值不能为 null。
参数名: encoder,System.Drawing
22:23:28.1613114 >ERROR> Form1.image > 值不能为 null。
参数名: encoder,System.Drawing
22:23:28.5598119 >ERROR> Form1.image > 值不能为 null。
参数名: encoder,System.Drawing
22:23:29.0696518 >ERROR> Form1.image > 值不能为 null。
参数名: encoder,System.Drawing
22:23:29.6479833 >ERROR> Form1.image > 值不能为 null。
参数名: encoder,System.Drawing
22:23:30.1619293 >ERROR> Form1.image > 值不能为 null。
参数名: encoder,System.Drawing
22:23:30.6506284 >ERROR> Form1.image > 值不能为 null。
参数名: encoder,System.Drawing
22:23:31.1386862 >ERROR> Form1.image > 值不能为 null。
参数名: encoder,System.Drawing
22:23:31.6298411 >ERROR> Form1.image > 值不能为 null。
参数名: encoder,System.Drawing
22:23:32.1671663 >ERROR> Form1.image > 值不能为 null。
参数名: encoder,System.Drawing
22:23:32.6449922 >ERROR> Form1.image > 值不能为 null。
参数名: encoder,System.Drawing
22:23:33.1472093 >ERROR> Form1.image > 值不能为 null。
参数名: encoder,System.Drawing
22:23:33.6297310 >ERROR> Form1.image > 值不能为 null。
参数名: encoder,System.Drawing
22:23:34.1378266 >ERROR> Form1.image > 值不能为 null。
参数名: encoder,System.Drawing
22:23:34.6585704 >ERROR> Form1.image > 值不能为 null。
参数名: encoder,System.Drawing
22:23:35.1488687 >ERROR> Form1.image > 值不能为 null。
参数名: encoder,System.Drawing
22:23:35.6313904 >ERROR> Form1.image > 值不能为 null。
参数名: encoder,System.Drawing
22:23:36.1535292 >ERROR> Form1.image > 值不能为 null。
参数名: encoder,System.Drawing
22:23:36.6440745 >ERROR> Form1.image > 值不能为 null。
参数名: encoder,System.Drawing
22:23:58.9965475 >ERROR> Form1.image > 值不能为 null。
参数名: encoder,System.Drawing
22:23:59.5304136 >ERROR> Form1.image > 值不能为 null。
参数名: encoder,System.Drawing
22:24:00.0404378 >ERROR> Form1.image > 值不能为 null。
参数名: encoder,System.Drawing
22:24:41.6604533 >ERROR> Form1.image > 值不能为 null。
参数名: encoder,System.Drawing
22:24:41.8026924 >ERROR> Form1.image > 值不能为 null。
参数名: encoder,System.Drawing
22:24:42.2756771 >ERROR> Form1.image > 值不能为 null。
参数名: encoder,System.Drawing
22:24:42.7773305 >ERROR> Form1.image > 值不能为 null。
参数名: encoder,System.Drawing
22:24:43.2883849 >ERROR> Form1.image > 值不能为 null。
参数名: encoder,System.Drawing
22:24:43.7967259 >ERROR> Form1.image > 值不能为 null。
参数名: encoder,System.Drawing
22:24:44.2875519 >ERROR> Form1.image > 值不能为 null。
参数名: encoder,System.Drawing
22:24:44.7895981 >ERROR> Form1.image > 值不能为 null。
参数名: encoder,System.Drawing
22:24:45.2748221 >ERROR> Form1.image > 值不能为 null。
参数名: encoder,System.Drawing
22:24:55.7403906 >ERROR> Form1.image > 值不能为 null。
参数名: encoder,System.Drawing
22:24:56.2703891 >ERROR> Form1.image > 值不能为 null。
参数名: encoder,System.Drawing
22:24:56.7684958 >ERROR> Form1.image > 值不能为 null。
参数名: encoder,System.Drawing
22:24:57.2717866 >ERROR> Form1.image > 值不能为 null。
参数名: encoder,System.Drawing
22:24:57.7735814 >ERROR> Form1.image > 值不能为 null。
参数名: encoder,System.Drawing
22:24:58.2667599 >ERROR> Form1.image > 值不能为 null。
参数名: encoder,System.Drawing
22:24:58.7881679 >ERROR> Form1.image > 值不能为 null。
参数名: encoder,System.Drawing
22:24:59.3977493 >ERROR> Form1.image > 值不能为 null。
参数名: encoder,System.Drawing
22:24:59.7893500 >ERROR> Form1.image > 值不能为 null。
参数名: encoder,System.Drawing
22:26:01.3214158 >ERROR> Form1.image > 值不能为 null。
参数名: encoder,System.Drawing
22:26:01.5305787 >ERROR> Form1.image > 值不能为 null。
参数名: encoder,System.Drawing
22:26:02.0217133 >ERROR> Form1.image > 值不能为 null。
参数名: encoder,System.Drawing
22:26:02.5302749 >ERROR> Form1.image > 值不能为 null。
参数名: encoder,System.Drawing
22:26:02.9275722 >ERROR> Form1.image > 值不能为 null。
参数名: encoder,System.Drawing
22:26:03.5151179 >ERROR> Form1.image > 值不能为 null。
参数名: encoder,System.Drawing
22:26:04.0143962 >ERROR> Form1.image > 值不能为 null。
参数名: encoder,System.Drawing
22:26:04.5430260 >ERROR> Form1.image > 值不能为 null。
参数名: encoder,System.Drawing
22:26:51.7909245 >ERROR> Form1.image > 值不能为 null。
参数名: encoder,System.Drawing
22:26:52.1275880 >ERROR> Form1.image > 值不能为 null。
参数名: encoder,System.Drawing
22:26:52.6546659 >ERROR> Form1.image > 值不能为 null。
参数名: encoder,System.Drawing
22:26:53.1405113 >ERROR> Form1.image > 值不能为 null。
参数名: encoder,System.Drawing
22:26:53.6249145 >ERROR> Form1.image > 值不能为 null。
参数名: encoder,System.Drawing
22:26:54.1081664 >ERROR> Form1.image > 值不能为 null。
参数名: encoder,System.Drawing
22:26:54.6323592 >ERROR> Form1.image > 值不能为 null。
参数名: encoder,System.Drawing
22:26:55.1264773 >ERROR> Form1.image > 值不能为 null。
参数名: encoder,System.Drawing
22:26:55.6086320 >ERROR> Form1.image > 值不能为 null。
参数名: encoder,System.Drawing
22:26:56.1067836 >ERROR> Form1.image > 值不能为 null。
参数名: encoder,System.Drawing
22:26:56.6374618 >ERROR> Form1.image > 值不能为 null。
参数名: encoder,System.Drawing
22:27:08.5298037 >ERROR> Form1.image > 值不能为 null。
参数名: encoder,System.Drawing
22:27:08.5498101 >ERROR> Form1.image > 值不能为 null。
参数名: encoder,System.Drawing
22:27:09.1370048 >ERROR> Form1.image > 值不能为 null。
参数名: encoder,System.Drawing
22:27:09.6096045 >ERROR> Form1.image > 值不能为 null。
参数名: encoder,System.Drawing
22:27:10.1024255 >ERROR> Form1.image > 值不能为 null。
参数名: encoder,System.Drawing
22:27:10.6164029 >ERROR> Form1.image > 值不能为 null。
参数名: encoder,System.Drawing
22:27:11.1325453 >ERROR> Form1.image > 值不能为 null。
参数名: encoder,System.Drawing
22:27:11.6303115 >ERROR> Form1.image > 值不能为 null。
参数名: encoder,System.Drawing
22:27:12.1211646 >ERROR> Form1.image > 值不能为 null。
参数名: encoder,System.Drawing
22:27:12.6135070 >ERROR> Form1.image > 值不能为 null。
参数名: encoder,System.Drawing
22:27:13.1103144 >ERROR> Form1.image > 值不能为 null。
参数名: encoder,System.Drawing
22:27:13.6212955 >ERROR> Form1.image > 值不能为 null。
参数名: encoder,System.Drawing
